# JRE version: OpenJDK Runtime Environment (17.0.6) (build 17.0.6+0-b2043.56-10027231)
# Java VM: OpenJDK 64-Bit Server VM (17.0.6+0-b2043.56-10027231, mixed mode, tiered, compressed oops, compressed class ptrs, g1 gc, windows-amd64)
GC Precious Log:
 CPUs: 4 total, 4 available
 Memory: 3993M
 Large Page Support: Disabled
 NUMA Support: Disabled
 Compressed Oops: Enabled (32-bit)
 Heap Region Size: 1M
 Heap Min Capacity: 8M
 Heap Initial Capacity: 64M
 Heap Max Capacity: 2G
 Pre-touch: Disabled
 Parallel Workers: 4
 Concurrent Workers: 1
 Concurrent Refinement Workers: 4
 Periodic GC: Disabled
Heap:
 garbage-first heap   total 327680K, used 233749K [0x0000000080000000, 0x0000000100000000)
  region size 1024K, 113 young (115712K), 3 survivors (3072K)
 Metaspace       used 91725K, committed 92480K, reserved 1130496K
  class space    used 12186K, committed 12544K, reserved 1048576K
GC Heap History (20 events):
Event: 36.907 GC heap before
{Heap before GC invocations=35 (full 0):
 garbage-first heap   total 138240K, used 109468K [0x0000000080000000, 0x0000000100000000)
  region size 1024K, 22 young (22528K), 1 survivors (1024K)
 Metaspace       used 67958K, committed 68544K, reserved 1114112K
  class space    used 8921K, committed 9152K, reserved 1048576K
}
Event: 36.911 GC heap after
{Heap after GC invocations=36 (full 0):
 garbage-first heap   total 138240K, used 88549K [0x0000000080000000, 0x0000000100000000)
  region size 1024K, 1 young (1024K), 1 survivors (1024K)
 Metaspace       used 67958K, committed 68544K, reserved 1114112K
  class space    used 8921K, committed 9152K, reserved 1048576K
}
Event: 38.856 GC heap before
{Heap before GC invocations=37 (full 0):
 garbage-first heap   total 150528K, used 111077K [0x0000000080000000, 0x0000000100000000)
  region size 1024K, 23 young (23552K), 1 survivors (1024K)
 Metaspace       used 71678K, committed 72256K, reserved 1114112K
  class space    used 9440K, committed 9664K, reserved 1048576K
}
Event: 38.863 GC heap after
{Heap after GC invocations=38 (full 0):
 garbage-first heap   total 150528K, used 90010K [0x0000000080000000, 0x0000000100000000)
  region size 1024K, 3 young (3072K), 3 survivors (3072K)
 Metaspace       used 71678K, committed 72256K, reserved 1114112K
  class space    used 9440K, committed 9664K, reserved 1048576K
}
Event: 38.985 GC heap before
{Heap before GC invocations=38 (full 0):
 garbage-first heap   total 150528K, used 93082K [0x0000000080000000, 0x0000000100000000)
  region size 1024K, 7 young (7168K), 3 survivors (3072K)
 Metaspace       used 71996K, committed 72576K, reserved 1114112K
  class space    used 9482K, committed 9728K, reserved 1048576K
}
Event: 38.992 GC heap after
{Heap after GC invocations=39 (full 0):
 garbage-first heap   total 150528K, used 90415K [0x0000000080000000, 0x0000000100000000)
  region size 1024K, 1 young (1024K), 1 survivors (1024K)
 Metaspace       used 71996K, committed 72576K, reserved 1114112K
  class space    used 9482K, committed 9728K, reserved 1048576K
}
Event: 38.995 GC heap before
{Heap before GC invocations=39 (full 0):
 garbage-first heap   total 150528K, used 90415K [0x0000000080000000, 0x0000000100000000)
  region size 1024K, 2 young (2048K), 1 survivors (1024K)
 Metaspace       used 71996K, committed 72576K, reserved 1114112K
  class space    used 9482K, committed 9728K, reserved 1048576K
}
Event: 38.997 GC heap after
{Heap after GC invocations=40 (full 0):
 garbage-first heap   total 150528K, used 90757K [0x0000000080000000, 0x0000000100000000)
  region size 1024K, 2 young (2048K), 2 survivors (2048K)
 Metaspace       used 71996K, committed 72576K, reserved 1114112K
  class space    used 9482K, committed 9728K, reserved 1048576K
}
Event: 43.178 GC heap before
{Heap before GC invocations=41 (full 0):
 garbage-first heap   total 158720K, used 121477K [0x0000000080000000, 0x0000000100000000)
  region size 1024K, 27 young (27648K), 2 survivors (2048K)
 Metaspace       used 73599K, committed 74240K, reserved 1114112K
  class space    used 9705K, committed 9984K, reserved 1048576K
}
Event: 43.185 GC heap after
{Heap after GC invocations=42 (full 0):
 garbage-first heap   total 158720K, used 93163K [0x0000000080000000, 0x0000000100000000)
  region size 1024K, 4 young (4096K), 4 survivors (4096K)
 Metaspace       used 73599K, committed 74240K, reserved 1114112K
  class space    used 9705K, committed 9984K, reserved 1048576K
}
Event: 43.255 GC heap before
{Heap before GC invocations=42 (full 0):
 garbage-first heap   total 158720K, used 96235K [0x0000000080000000, 0x0000000100000000)
  region size 1024K, 7 young (7168K), 4 survivors (4096K)
 Metaspace       used 73851K, committed 74496K, reserved 1114112K
  class space    used 9736K, committed 9984K, reserved 1048576K
}
Event: 43.265 GC heap after
{Heap after GC invocations=43 (full 0):
 garbage-first heap   total 158720K, used 93813K [0x0000000080000000, 0x0000000100000000)
  region size 1024K, 1 young (1024K), 1 survivors (1024K)
 Metaspace       used 73851K, committed 74496K, reserved 1114112K
  class space    used 9736K, committed 9984K, reserved 1048576K
}
Event: 44.380 GC heap before
{Heap before GC invocations=43 (full 0):
 garbage-first heap   total 158720K, used 122485K [0x0000000080000000, 0x0000000100000000)
  region size 1024K, 29 young (29696K), 1 survivors (1024K)
 Metaspace       used 76231K, committed 76864K, reserved 1122304K
  class space    used 10023K, committed 10304K, reserved 1048576K
}
Event: 44.387 GC heap after
{Heap after GC invocations=44 (full 0):
 garbage-first heap   total 158720K, used 95133K [0x0000000080000000, 0x0000000100000000)
  region size 1024K, 2 young (2048K), 2 survivors (2048K)
 Metaspace       used 76231K, committed 76864K, reserved 1122304K
  class space    used 10023K, committed 10304K, reserved 1048576K
}
Event: 46.164 GC heap before
{Heap before GC invocations=45 (full 0):
 garbage-first heap   total 163840K, used 124829K [0x0000000080000000, 0x0000000100000000)
  region size 1024K, 31 young (31744K), 2 survivors (2048K)
 Metaspace       used 76610K, committed 77248K, reserved 1122304K
  class space    used 10097K, committed 10368K, reserved 1048576K
}
Event: 46.172 GC heap after
{Heap after GC invocations=46 (full 0):
 garbage-first heap   total 163840K, used 97524K [0x0000000080000000, 0x0000000100000000)
  region size 1024K, 4 young (4096K), 4 survivors (4096K)
 Metaspace       used 76610K, committed 77248K, reserved 1122304K
  class space    used 10097K, committed 10368K, reserved 1048576K
}
Event: 46.306 GC heap before
{Heap before GC invocations=46 (full 0):
 garbage-first heap   total 163840K, used 101620K [0x0000000080000000, 0x0000000100000000)
  region size 1024K, 8 young (8192K), 4 survivors (4096K)
 Metaspace       used 76610K, committed 77248K, reserved 1122304K
  class space    used 10097K, committed 10368K, reserved 1048576K
}
Event: 46.334 GC heap after
{Heap after GC invocations=47 (full 0):
 garbage-first heap   total 163840K, used 97854K [0x0000000080000000, 0x0000000100000000)
  region size 1024K, 1 young (1024K), 1 survivors (1024K)
 Metaspace       used 76610K, committed 77248K, reserved 1122304K
  class space    used 10097K, committed 10368K, reserved 1048576K
}
Event: 47.135 GC heap before
{Heap before GC invocations=47 (full 0):
 garbage-first heap   total 163840K, used 130622K [0x0000000080000000, 0x0000000100000000)
  region size 1024K, 33 young (33792K), 1 survivors (1024K)
 Metaspace       used 80270K, committed 80960K, reserved 1122304K
  class space    used 10665K, committed 10944K, reserved 1048576K
}
Event: 47.145 GC heap after
{Heap after GC invocations=48 (full 0):
 garbage-first heap   total 327680K, used 99605K [0x0000000080000000, 0x0000000100000000)
  region size 1024K, 3 young (3072K), 3 survivors (3072K)
 Metaspace       used 80270K, committed 80960K, reserved 1122304K
  class space    used 10665K, committed 10944K, reserved 1048576K
}

